<?xml version="1.0" encoding="UTF-8"?>
<testsuite xmlns:xsi="http://www.w3.org/2001/XMLSchema-instance" xsi:noNamespaceSchemaLocation="https://maven.apache.org/surefire/maven-surefire-plugin/xsd/surefire-test-report.xsd" name="TestSuite" time="73.487" tests="16" errors="0" skipped="0" failures="0">
  <properties>
    <property name="java.specification.version" value="17"/>
    <property name="sun.cpu.isalist" value="amd64"/>
    <property name="sun.jnu.encoding" value="Cp1252"/>
    <property name="java.class.path" value="C:\Users\Chandrima\.p2\pool\plugins\org.eclipse.m2e.maven.runtime_1.18.0.20210603-1206\jars\plexus-classworlds-2.6.0.jar"/>
    <property name="java.vm.vendor" value="Eclipse Adoptium"/>
    <property name="sun.arch.data.model" value="64"/>
    <property name="user.variant" value=""/>
    <property name="java.vendor.url" value="https://adoptium.net/"/>
    <property name="user.timezone" value="Asia/Calcutta"/>
    <property name="java.vm.specification.version" value="17"/>
    <property name="os.name" value="Windows 11"/>
    <property name="sun.java.launcher" value="SUN_STANDARD"/>
    <property name="user.country" value="GB"/>
    <property name="sun.boot.library.path" value="C:\Users\Chandrima\.p2\pool\plugins\org.eclipse.justj.openjdk.hotspot.jre.full.win32.x86_64_17.0.5.v20221102-0933\jre\bin"/>
    <property name="sun.java.command" value="org.codehaus.plexus.classworlds.launcher.Launcher -B install"/>
    <property name="jdk.debug" value="release"/>
    <property name="maven.home" value="C:\Users\Chandrima\eclipse-workspace\seleniumPOM\EMBEDDED"/>
    <property name="sun.cpu.endian" value="little"/>
    <property name="user.home" value="C:\Users\Chandrima"/>
    <property name="user.language" value="en"/>
    <property name="java.specification.vendor" value="Oracle Corporation"/>
    <property name="java.version.date" value="2022-10-18"/>
    <property name="java.home" value="C:\Users\Chandrima\.p2\pool\plugins\org.eclipse.justj.openjdk.hotspot.jre.full.win32.x86_64_17.0.5.v20221102-0933\jre"/>
    <property name="file.separator" value="\"/>
    <property name="java.vm.compressedOopsMode" value="32-bit"/>
    <property name="line.separator" value="&#10;"/>
    <property name="java.vm.specification.vendor" value="Oracle Corporation"/>
    <property name="java.specification.name" value="Java Platform API Specification"/>
    <property name="user.script" value=""/>
    <property name="sun.management.compiler" value="HotSpot 64-Bit Tiered Compilers"/>
    <property name="java.runtime.version" value="17.0.5+8"/>
    <property name="user.name" value="Chandrima"/>
    <property name="path.separator" value=";"/>
    <property name="os.version" value="10.0"/>
    <property name="java.runtime.name" value="OpenJDK Runtime Environment"/>
    <property name="file.encoding" value="UTF-8"/>
    <property name="guice.disable.misplaced.annotation.check" value="true"/>
    <property name="java.vm.name" value="OpenJDK 64-Bit Server VM"/>
    <property name="java.vendor.version" value="Temurin-17.0.5+8"/>
    <property name="java.vendor.url.bug" value="https://github.com/adoptium/adoptium-support/issues"/>
    <property name="java.io.tmpdir" value="C:\Users\CHANDR~1\AppData\Local\Temp\"/>
    <property name="java.version" value="17.0.5"/>
    <property name="user.dir" value="C:\Users\Chandrima\eclipse-workspace\seleniumPOM"/>
    <property name="os.arch" value="amd64"/>
    <property name="maven.multiModuleProjectDirectory" value="C:\Users\Chandrima\eclipse-workspace\seleniumPOM"/>
    <property name="java.vm.specification.name" value="Java Virtual Machine Specification"/>
    <property name="sun.os.patch.level" value=""/>
    <property name="native.encoding" value="Cp1252"/>
    <property name="java.library.path" value="C:\Users\Chandrima\.p2\pool\plugins\org.eclipse.justj.openjdk.hotspot.jre.full.win32.x86_64_17.0.5.v20221102-0933\jre\bin;C:\WINDOWS\Sun\Java\bin;C:\WINDOWS\system32;C:\WINDOWS;C:\Program Files\Common Files\Oracle\Java\javapath;C:\WINDOWS\system32;C:\WINDOWS;C:\WINDOWS\System32\Wbem;C:\WINDOWS\System32\WindowsPowerShell\v1.0\;C:\WINDOWS\System32\OpenSSH\;C:\Program Files\Java\jdk-11.0.11\bin;C:\Users\Chandrima\apache-maven-3.8.4-bin\apache-maven-3.8.4\bin;C:\Program Files\nodejs\;C:\strawberry\c\bin;C:\strawberry\perl\bin;C:\Program Files\Git\cmd;C:\Users\Chandrima\scoop\shims;C:\Users\Chandrima\AppData\Local\Microsoft\WindowsApps;C:\apache-maven-3.9.1-bin\apache-maven-3.9.1\bin;C:\Users\Chandrima\AppData\Roaming\npm;C:\Users\Chandrima\AppData\Local\Programs\Microsoft VS Code\bin;;."/>
    <property name="java.vm.info" value="mixed mode"/>
    <property name="java.vendor" value="Eclipse Adoptium"/>
    <property name="java.vm.version" value="17.0.5+8"/>
    <property name="classworlds.conf" value="C:\Users\Chandrima\eclipse-workspace\.metadata\.plugins\org.eclipse.m2e.launching\launches\m2conf7458804322437074462.tmp"/>
    <property name="sun.io.unicode.encoding" value="UnicodeLittle"/>
    <property name="java.class.version" value="61.0"/>
  </properties>
  <testcase name="loginPagetest" classname="com.qa.opencart.testcases.loginPageTest" time="0.551"/>
  <testcase name="getPageurltest" classname="com.qa.opencart.testcases.loginPageTest" time="0.077"/>
  <testcase name="isForgotPasswordExist" classname="com.qa.opencart.testcases.loginPageTest" time="0.1"/>
  <testcase name="getAccHeaderSecList" classname="com.qa.opencart.testcases.accoutPageTest" time="0.251"/>
  <testcase name="getPageurltest" classname="com.qa.opencart.testcases.accoutPageTest" time="0.048"/>
  <testcase name="islogoutlinkExist" classname="com.qa.opencart.testcases.accoutPageTest" time="0.163"/>
  <testcase name="loginPagetest" classname="com.qa.opencart.testcases.accoutPageTest" time="0.078"/>
  <testcase name="loginTest" classname="com.qa.opencart.testcases.loginPageTest" time="1.975"/>
  <testcase name="searchCheckTest" classname="com.qa.opencart.testcases.accoutPageTest" time="2.219"/>
  <testcase name="searchCheckTest" classname="com.qa.opencart.testcases.accoutPageTest" time="1.237"/>
  <testcase name="searchCheckTest" classname="com.qa.opencart.testcases.accoutPageTest" time="1.356"/>
  <testcase name="searchTest" classname="com.qa.opencart.testcases.accoutPageTest" time="5.197"/>
  <testcase name="searchTest" classname="com.qa.opencart.testcases.accoutPageTest" time="6.015"/>
  <testcase name="searchTest" classname="com.qa.opencart.testcases.accoutPageTest" time="7.291"/>
  <testcase name="searchTest" classname="com.qa.opencart.testcases.accoutPageTest" time="16.823"/>
  <testcase name="searchTest" classname="com.qa.opencart.testcases.accoutPageTest" time="5.602"/>
</testsuite>