<?xml version="1.0" encoding="UTF-8"?>
<!-- Generated by org.testng.reporters.JUnitReportReporter -->
<testsuite hostname="LAPTOP-FL7DK08P" failures="0" tests="4" name="com.qa.opencart.testcases.loginPageTest" time="2.640" errors="0" timestamp="2023-04-26T12:32:55 IST" skipped="0">
  <testcase classname="com.qa.opencart.testcases.loginPageTest" name="loginPagetest" time="0.237"/>
  <system-out/>
  <testcase classname="com.qa.opencart.testcases.loginPageTest" name="getPageurltest" time="0.055"/>
  <system-out/>
  <testcase classname="com.qa.opencart.testcases.loginPageTest" name="isForgotPasswordExist" time="0.190"/>
  <system-out/>
  <testcase classname="com.qa.opencart.testcases.loginPageTest" name="loginTest" time="2.158"/>
  <system-out/>
</testsuite> <!-- com.qa.opencart.testcases.loginPageTest -->
