<?xml version="1.0" encoding="UTF-8"?>
<!-- Generated by org.testng.reporters.JUnitReportReporter -->
<testsuite hostname="LAPTOP-FL7DK08P" failures="0" tests="2" name="com.qa.opencart.testcases.registrationPageText" time="7.818" errors="0" timestamp="2023-04-22T14:22:32 IST" skipped="0">
  <testcase classname="com.qa.opencart.testcases.registrationPageText" name="registrationTest" time="4.477"/>
  <system-out/>
  <testcase classname="com.qa.opencart.testcases.registrationPageText" name="registrationTest" time="3.341"/>
  <system-out/>
</testsuite> <!-- com.qa.opencart.testcases.registrationPageText -->
