<?xml version="1.0" encoding="UTF-8"?>
<!-- Generated by org.testng.reporters.JUnitReportReporter -->
<testsuite hostname="LAPTOP-FL7DK08P" failures="0" tests="12" name="com.qa.opencart.testcases.accoutPageTest" time="44.035" errors="0" timestamp="2023-04-26T12:32:55 IST" skipped="0">
  <testcase classname="com.qa.opencart.testcases.accoutPageTest" name="getPageurltest" time="0.028"/>
  <system-out/>
  <testcase classname="com.qa.opencart.testcases.accoutPageTest" name="searchCheckTest" time="1.687"/>
  <system-out/>
  <testcase classname="com.qa.opencart.testcases.accoutPageTest" name="searchTest" time="3.187"/>
  <system-out/>
  <testcase classname="com.qa.opencart.testcases.accoutPageTest" name="searchTest" time="3.402"/>
  <system-out/>
  <testcase classname="com.qa.opencart.testcases.accoutPageTest" name="getAccHeaderSecList" time="0.499"/>
  <system-out/>
  <testcase classname="com.qa.opencart.testcases.accoutPageTest" name="searchTest" time="19.168"/>
  <system-out/>
  <testcase classname="com.qa.opencart.testcases.accoutPageTest" name="searchTest" time="9.344"/>
  <system-out/>
  <testcase classname="com.qa.opencart.testcases.accoutPageTest" name="islogoutlinkExist" time="0.078"/>
  <system-out/>
  <testcase classname="com.qa.opencart.testcases.accoutPageTest" name="searchCheckTest" time="1.573"/>
  <system-out/>
  <testcase classname="com.qa.opencart.testcases.accoutPageTest" name="loginPagetest" time="0.037"/>
  <system-out/>
  <testcase classname="com.qa.opencart.testcases.accoutPageTest" name="searchTest" time="2.926"/>
  <system-out/>
  <testcase classname="com.qa.opencart.testcases.accoutPageTest" name="searchCheckTest" time="2.106"/>
  <system-out/>
</testsuite> <!-- com.qa.opencart.testcases.accoutPageTest -->
