<?xml version="1.0" encoding="UTF-8"?>
<!-- Generated by org.testng.reporters.JUnitReportReporter -->
<testsuite hostname="LAPTOP-FL7DK08P" failures="0" tests="12" name="com.qa.opencart.testcases.accoutPageTest" time="27.789" errors="0" timestamp="2023-05-16T16:02:45 IST" skipped="0">
  <testcase classname="com.qa.opencart.testcases.accoutPageTest" name="getAccHeaderSecList" time="0.189"/>
  <system-out/>
  <testcase classname="com.qa.opencart.testcases.accoutPageTest" name="searchTest" time="4.392"/>
  <system-out/>
  <testcase classname="com.qa.opencart.testcases.accoutPageTest" name="searchTest" time="2.145"/>
  <system-out/>
  <testcase classname="com.qa.opencart.testcases.accoutPageTest" name="searchCheckTest" time="1.697"/>
  <system-out/>
  <testcase classname="com.qa.opencart.testcases.accoutPageTest" name="loginPagetest" time="0.018"/>
  <system-out/>
  <testcase classname="com.qa.opencart.testcases.accoutPageTest" name="searchTest" time="2.810"/>
  <system-out/>
  <testcase classname="com.qa.opencart.testcases.accoutPageTest" name="searchCheckTest" time="7.356"/>
  <system-out/>
  <testcase classname="com.qa.opencart.testcases.accoutPageTest" name="searchCheckTest" time="4.588"/>
  <system-out/>
  <testcase classname="com.qa.opencart.testcases.accoutPageTest" name="searchTest" time="2.839"/>
  <system-out/>
  <testcase classname="com.qa.opencart.testcases.accoutPageTest" name="searchTest" time="1.693"/>
  <system-out/>
  <testcase classname="com.qa.opencart.testcases.accoutPageTest" name="getPageurltest" time="0.017"/>
  <system-out/>
  <testcase classname="com.qa.opencart.testcases.accoutPageTest" name="islogoutlinkExist" time="0.045"/>
  <system-out/>
</testsuite> <!-- com.qa.opencart.testcases.accoutPageTest -->
