<?xml version="1.0" encoding="UTF-8"?>
<!-- Generated by org.testng.reporters.JUnitReportReporter -->
<testsuite hostname="LAPTOP-FL7DK08P" failures="0" tests="4" name="com.qa.opencart.testcases.loginPageTest" time="7.200" errors="0" timestamp="2023-04-24T16:07:01 IST" skipped="0">
  <testcase classname="com.qa.opencart.testcases.loginPageTest" name="loginPagetest" time="0.850"/>
  <system-out/>
  <testcase classname="com.qa.opencart.testcases.loginPageTest" name="getPageurltest" time="0.154"/>
  <system-out/>
  <testcase classname="com.qa.opencart.testcases.loginPageTest" name="isForgotPasswordExist" time="1.116"/>
  <system-out/>
  <testcase classname="com.qa.opencart.testcases.loginPageTest" name="loginTest" time="5.080"/>
  <system-out/>
</testsuite> <!-- com.qa.opencart.testcases.loginPageTest -->
