<?xml version="1.0" encoding="UTF-8"?>
<!-- Generated by org.testng.reporters.JUnitReportReporter -->
<testsuite hostname="LAPTOP-FL7DK08P" failures="0" tests="12" name="com.qa.opencart.testcases.accoutPageTest" time="46.212" errors="0" timestamp="2023-05-04T16:45:52 IST" skipped="0">
  <testcase classname="com.qa.opencart.testcases.accoutPageTest" name="islogoutlinkExist" time="0.150"/>
  <system-out/>
  <testcase classname="com.qa.opencart.testcases.accoutPageTest" name="searchCheckTest" time="1.355"/>
  <system-out/>
  <testcase classname="com.qa.opencart.testcases.accoutPageTest" name="searchTest" time="7.291"/>
  <system-out/>
  <testcase classname="com.qa.opencart.testcases.accoutPageTest" name="searchTest" time="5.580"/>
  <system-out/>
  <testcase classname="com.qa.opencart.testcases.accoutPageTest" name="getAccHeaderSecList" time="0.248"/>
  <system-out/>
  <testcase classname="com.qa.opencart.testcases.accoutPageTest" name="searchCheckTest" time="1.234"/>
  <system-out/>
  <testcase classname="com.qa.opencart.testcases.accoutPageTest" name="loginPagetest" time="0.079"/>
  <system-out/>
  <testcase classname="com.qa.opencart.testcases.accoutPageTest" name="searchTest" time="6.012"/>
  <system-out/>
  <testcase classname="com.qa.opencart.testcases.accoutPageTest" name="getPageurltest" time="0.037"/>
  <system-out/>
  <testcase classname="com.qa.opencart.testcases.accoutPageTest" name="searchTest" time="5.193"/>
  <system-out/>
  <testcase classname="com.qa.opencart.testcases.accoutPageTest" name="searchCheckTest" time="2.212"/>
  <system-out/>
  <testcase classname="com.qa.opencart.testcases.accoutPageTest" name="searchTest" time="16.821"/>
  <system-out/>
</testsuite> <!-- com.qa.opencart.testcases.accoutPageTest -->
