<?xml version="1.0" encoding="UTF-8"?>
<!-- Generated by org.testng.reporters.JUnitReportReporter -->
<testsuite hostname="LAPTOP-FL7DK08P" failures="0" tests="4" name="com.qa.opencart.testcases.loginPageTest" time="4.150" errors="0" timestamp="2023-05-04T16:45:52 IST" skipped="0">
  <testcase classname="com.qa.opencart.testcases.loginPageTest" name="loginPagetest" time="0.273"/>
  <system-out/>
  <testcase classname="com.qa.opencart.testcases.loginPageTest" name="getPageurltest" time="0.068"/>
  <system-out/>
  <testcase classname="com.qa.opencart.testcases.loginPageTest" name="isForgotPasswordExist" time="0.100"/>
  <system-out/>
  <testcase classname="com.qa.opencart.testcases.loginPageTest" name="loginTest" time="3.709"/>
  <system-out/>
</testsuite> <!-- com.qa.opencart.testcases.loginPageTest -->
